<?xml version="1.0" encoding="UTF-8"?>
<testng-results skipped="0" failed="0" ignored="0" total="2" passed="2">
  <reporter-output>
  </reporter-output>
  <suite name="Suite" duration-ms="148093" started-at="2018-08-04T15:37:25Z" finished-at="2018-08-04T15:39:53Z">
    <groups>
    </groups>
    <test name="Test" duration-ms="148093" started-at="2018-08-04T15:37:25Z" finished-at="2018-08-04T15:39:53Z">
      <class name="aug1.OrangeHRMLogin">
        <test-method status="PASS" signature="test()[pri:0, instance:aug1.OrangeHRMLogin@61443d8f]" name="test" duration-ms="85954" started-at="2018-08-04T15:38:27Z" finished-at="2018-08-04T15:39:53Z">
          <reporter-output>
          </reporter-output>
        </test-method> <!-- test -->
      </class> <!-- aug1.OrangeHRMLogin -->
      <class name="aug1.GmailLogin">
        <test-method status="PASS" signature="test()[pri:0, instance:aug1.GmailLogin@2fc14f68]" name="test" duration-ms="61972" started-at="2018-08-04T15:37:25Z" finished-at="2018-08-04T15:38:27Z">
          <reporter-output>
          </reporter-output>
        </test-method> <!-- test -->
      </class> <!-- aug1.GmailLogin -->
    </test> <!-- Test -->
  </suite> <!-- Suite -->
</testng-results>
